<?xml version="1.0" encoding="UTF-8"?>
<!-- Generated by org.testng.reporters.JUnitReportReporter -->
<testsuite hostname="Sangey" failures="0" tests="1" name="MyMavenPackage.MavenParameterTest" time="0.056" errors="0" timestamp="2023-08-02T19:22:16 EDT" skipped="0">
  <testcase classname="MyMavenPackage.MavenParameterTest" name="InputDatainSearchTextBox" time="0.056"/>
</testsuite> <!-- MyMavenPackage.MavenParameterTest -->
